2018-01-30 10:11:45 [scrapy.utils.log] INFO: Scrapy 1.4.0 started (bot: cbdio)
2018-01-30 10:11:45 [scrapy.utils.log] INFO: Overridden settings: {'BOT_NAME': 'cbdio', 'LOG_ENABLED': False, 'LOG_FILE': 'scrapy.log', 'NEWSPIDER_MODULE': 'cbdio.spiders', 'ROBOTSTXT_OBEY': True, 'SPIDER_MODULES': ['cbdio.spiders']}
2018-01-30 10:12:10 [scrapy.utils.log] INFO: Scrapy 1.4.0 started (bot: cbdio)
2018-01-30 10:12:10 [scrapy.utils.log] INFO: Overridden settings: {'BOT_NAME': 'cbdio', 'FEED_FORMAT': 'csv', 'FEED_URI': 'abc.csv', 'LOG_FILE': 'scrapy.log', 'NEWSPIDER_MODULE': 'cbdio.spiders', 'ROBOTSTXT_OBEY': True, 'SPIDER_MODULES': ['cbdio.spiders']}
2018-01-30 10:12:11 [scrapy.middleware] INFO: Enabled extensions:
['scrapy.extensions.corestats.CoreStats',
 'scrapy.extensions.telnet.TelnetConsole',
 'scrapy.extensions.feedexport.FeedExporter',
 'scrapy.extensions.logstats.LogStats']
2018-01-30 10:12:11 [twisted] CRITICAL: Unhandled error in Deferred:
2018-01-30 10:12:11 [twisted] CRITICAL: 
Traceback (most recent call last):
  File "c:\users\armstromg\appdata\local\programs\python\python36\lib\site-packages\twisted\internet\defer.py", line 1386, in _inlineCallbacks
    result = g.send(result)
  File "c:\users\armstromg\appdata\local\programs\python\python36\lib\site-packages\scrapy\crawler.py", line 77, in crawl
    self.engine = self._create_engine()
  File "c:\users\armstromg\appdata\local\programs\python\python36\lib\site-packages\scrapy\crawler.py", line 102, in _create_engine
    return ExecutionEngine(self, lambda _: self.stop())
  File "c:\users\armstromg\appdata\local\programs\python\python36\lib\site-packages\scrapy\core\engine.py", line 69, in __init__
    self.downloader = downloader_cls(crawler)
  File "c:\users\armstromg\appdata\local\programs\python\python36\lib\site-packages\scrapy\core\downloader\__init__.py", line 88, in __init__
    self.middleware = DownloaderMiddlewareManager.from_crawler(crawler)
  File "c:\users\armstromg\appdata\local\programs\python\python36\lib\site-packages\scrapy\middleware.py", line 58, in from_crawler
    return cls.from_settings(crawler.settings, crawler)
  File "c:\users\armstromg\appdata\local\programs\python\python36\lib\site-packages\scrapy\middleware.py", line 34, in from_settings
    mwcls = load_object(clspath)
  File "c:\users\armstromg\appdata\local\programs\python\python36\lib\site-packages\scrapy\utils\misc.py", line 44, in load_object
    mod = import_module(module)
  File "c:\users\armstromg\appdata\local\programs\python\python36\lib\importlib\__init__.py", line 126, in import_module
    return _bootstrap._gcd_import(name[level:], package, level)
  File "<frozen importlib._bootstrap>", line 978, in _gcd_import
  File "<frozen importlib._bootstrap>", line 961, in _find_and_load
  File "<frozen importlib._bootstrap>", line 950, in _find_and_load_unlocked
  File "<frozen importlib._bootstrap>", line 655, in _load_unlocked
  File "<frozen importlib._bootstrap_external>", line 678, in exec_module
  File "<frozen importlib._bootstrap>", line 205, in _call_with_frames_removed
  File "c:\users\armstromg\appdata\local\programs\python\python36\lib\site-packages\scrapy\downloadermiddlewares\retry.py", line 20, in <module>
    from twisted.web.client import ResponseFailed
  File "c:\users\armstromg\appdata\local\programs\python\python36\lib\site-packages\twisted\web\client.py", line 42, in <module>
    from twisted.internet.endpoints import HostnameEndpoint, wrapClientTLS
  File "c:\users\armstromg\appdata\local\programs\python\python36\lib\site-packages\twisted\internet\endpoints.py", line 41, in <module>
    from twisted.internet.stdio import StandardIO, PipeAddress
  File "c:\users\armstromg\appdata\local\programs\python\python36\lib\site-packages\twisted\internet\stdio.py", line 30, in <module>
    from twisted.internet import _win32stdio
  File "c:\users\armstromg\appdata\local\programs\python\python36\lib\site-packages\twisted\internet\_win32stdio.py", line 9, in <module>
    import win32api
ModuleNotFoundError: No module named 'win32api'
2018-01-30 10:13:20 [scrapy.utils.log] INFO: Scrapy 1.4.0 started (bot: cbdio)
2018-01-30 10:13:20 [scrapy.utils.log] INFO: Overridden settings: {'BOT_NAME': 'cbdio', 'FEED_FORMAT': 'csv', 'FEED_URI': 'abc.csv', 'LOG_FILE': 'scrapy.log', 'NEWSPIDER_MODULE': 'cbdio.spiders', 'ROBOTSTXT_OBEY': True, 'SPIDER_MODULES': ['cbdio.spiders']}
2018-01-30 10:13:20 [scrapy.middleware] INFO: Enabled extensions:
['scrapy.extensions.corestats.CoreStats',
 'scrapy.extensions.telnet.TelnetConsole',
 'scrapy.extensions.feedexport.FeedExporter',
 'scrapy.extensions.logstats.LogStats']
2018-01-30 10:13:21 [scrapy.middleware] INFO: Enabled downloader middlewares:
['scrapy.downloadermiddlewares.robotstxt.RobotsTxtMiddleware',
 'scrapy.downloadermiddlewares.httpauth.HttpAuthMiddleware',
 'scrapy.downloadermiddlewares.downloadtimeout.DownloadTimeoutMiddleware',
 'scrapy.downloadermiddlewares.defaultheaders.DefaultHeadersMiddleware',
 'scrapy.downloadermiddlewares.useragent.UserAgentMiddleware',
 'scrapy.downloadermiddlewares.retry.RetryMiddleware',
 'scrapy.downloadermiddlewares.redirect.MetaRefreshMiddleware',
 'scrapy.downloadermiddlewares.httpcompression.HttpCompressionMiddleware',
 'scrapy.downloadermiddlewares.redirect.RedirectMiddleware',
 'scrapy.downloadermiddlewares.cookies.CookiesMiddleware',
 'scrapy.downloadermiddlewares.httpproxy.HttpProxyMiddleware',
 'scrapy.downloadermiddlewares.stats.DownloaderStats']
2018-01-30 10:13:21 [scrapy.middleware] INFO: Enabled spider middlewares:
['scrapy.spidermiddlewares.httperror.HttpErrorMiddleware',
 'scrapy.spidermiddlewares.offsite.OffsiteMiddleware',
 'scrapy.spidermiddlewares.referer.RefererMiddleware',
 'scrapy.spidermiddlewares.urllength.UrlLengthMiddleware',
 'scrapy.spidermiddlewares.depth.DepthMiddleware']
2018-01-30 10:13:21 [twisted] CRITICAL: Unhandled error in Deferred:
2018-01-30 10:13:21 [twisted] CRITICAL: 
Traceback (most recent call last):
  File "C:\Users\Armstromg\Anaconda3\envs\scrapy\lib\site-packages\twisted\internet\defer.py", line 1386, in _inlineCallbacks
    result = g.send(result)
  File "C:\Users\Armstromg\Anaconda3\envs\scrapy\lib\site-packages\scrapy\crawler.py", line 77, in crawl
    self.engine = self._create_engine()
  File "C:\Users\Armstromg\Anaconda3\envs\scrapy\lib\site-packages\scrapy\crawler.py", line 102, in _create_engine
    return ExecutionEngine(self, lambda _: self.stop())
  File "C:\Users\Armstromg\Anaconda3\envs\scrapy\lib\site-packages\scrapy\core\engine.py", line 70, in __init__
    self.scraper = Scraper(crawler)
  File "C:\Users\Armstromg\Anaconda3\envs\scrapy\lib\site-packages\scrapy\core\scraper.py", line 71, in __init__
    self.itemproc = itemproc_cls.from_crawler(crawler)
  File "C:\Users\Armstromg\Anaconda3\envs\scrapy\lib\site-packages\scrapy\middleware.py", line 58, in from_crawler
    return cls.from_settings(crawler.settings, crawler)
  File "C:\Users\Armstromg\Anaconda3\envs\scrapy\lib\site-packages\scrapy\middleware.py", line 34, in from_settings
    mwcls = load_object(clspath)
  File "C:\Users\Armstromg\Anaconda3\envs\scrapy\lib\site-packages\scrapy\utils\misc.py", line 44, in load_object
    mod = import_module(module)
  File "C:\Users\Armstromg\Anaconda3\envs\scrapy\lib\importlib\__init__.py", line 126, in import_module
    return _bootstrap._gcd_import(name[level:], package, level)
  File "<frozen importlib._bootstrap>", line 994, in _gcd_import
  File "<frozen importlib._bootstrap>", line 971, in _find_and_load
  File "<frozen importlib._bootstrap>", line 955, in _find_and_load_unlocked
  File "<frozen importlib._bootstrap>", line 665, in _load_unlocked
  File "<frozen importlib._bootstrap_external>", line 678, in exec_module
  File "<frozen importlib._bootstrap>", line 219, in _call_with_frames_removed
  File "D:\lilanqing\Project\python\python-project\maizixueyuan\scrapy\cbdio-scrapy\cbdio\pipelines.py", line 7, in <module>
    import pymysql
ModuleNotFoundError: No module named 'pymysql'
2018-01-30 10:14:57 [scrapy.utils.log] INFO: Scrapy 1.4.0 started (bot: cbdio)
2018-01-30 10:14:57 [scrapy.utils.log] INFO: Overridden settings: {'BOT_NAME': 'cbdio', 'FEED_FORMAT': 'csv', 'FEED_URI': 'abc.csv', 'LOG_FILE': 'scrapy.log', 'NEWSPIDER_MODULE': 'cbdio.spiders', 'ROBOTSTXT_OBEY': True, 'SPIDER_MODULES': ['cbdio.spiders']}
2018-01-30 10:14:57 [scrapy.middleware] INFO: Enabled extensions:
['scrapy.extensions.corestats.CoreStats',
 'scrapy.extensions.telnet.TelnetConsole',
 'scrapy.extensions.feedexport.FeedExporter',
 'scrapy.extensions.logstats.LogStats']
2018-01-30 10:14:58 [scrapy.middleware] INFO: Enabled downloader middlewares:
['scrapy.downloadermiddlewares.robotstxt.RobotsTxtMiddleware',
 'scrapy.downloadermiddlewares.httpauth.HttpAuthMiddleware',
 'scrapy.downloadermiddlewares.downloadtimeout.DownloadTimeoutMiddleware',
 'scrapy.downloadermiddlewares.defaultheaders.DefaultHeadersMiddleware',
 'scrapy.downloadermiddlewares.useragent.UserAgentMiddleware',
 'scrapy.downloadermiddlewares.retry.RetryMiddleware',
 'scrapy.downloadermiddlewares.redirect.MetaRefreshMiddleware',
 'scrapy.downloadermiddlewares.httpcompression.HttpCompressionMiddleware',
 'scrapy.downloadermiddlewares.redirect.RedirectMiddleware',
 'scrapy.downloadermiddlewares.cookies.CookiesMiddleware',
 'scrapy.downloadermiddlewares.httpproxy.HttpProxyMiddleware',
 'scrapy.downloadermiddlewares.stats.DownloaderStats']
2018-01-30 10:14:58 [scrapy.middleware] INFO: Enabled spider middlewares:
['scrapy.spidermiddlewares.httperror.HttpErrorMiddleware',
 'scrapy.spidermiddlewares.offsite.OffsiteMiddleware',
 'scrapy.spidermiddlewares.referer.RefererMiddleware',
 'scrapy.spidermiddlewares.urllength.UrlLengthMiddleware',
 'scrapy.spidermiddlewares.depth.DepthMiddleware']
2018-01-30 10:14:58 [twisted] CRITICAL: Unhandled error in Deferred:
2018-01-30 10:14:58 [twisted] CRITICAL: 
Traceback (most recent call last):
  File "C:\Users\Armstromg\Anaconda3\envs\scrapy\lib\site-packages\twisted\internet\defer.py", line 1386, in _inlineCallbacks
    result = g.send(result)
  File "C:\Users\Armstromg\Anaconda3\envs\scrapy\lib\site-packages\scrapy\crawler.py", line 77, in crawl
    self.engine = self._create_engine()
  File "C:\Users\Armstromg\Anaconda3\envs\scrapy\lib\site-packages\scrapy\crawler.py", line 102, in _create_engine
    return ExecutionEngine(self, lambda _: self.stop())
  File "C:\Users\Armstromg\Anaconda3\envs\scrapy\lib\site-packages\scrapy\core\engine.py", line 70, in __init__
    self.scraper = Scraper(crawler)
  File "C:\Users\Armstromg\Anaconda3\envs\scrapy\lib\site-packages\scrapy\core\scraper.py", line 71, in __init__
    self.itemproc = itemproc_cls.from_crawler(crawler)
  File "C:\Users\Armstromg\Anaconda3\envs\scrapy\lib\site-packages\scrapy\middleware.py", line 58, in from_crawler
    return cls.from_settings(crawler.settings, crawler)
  File "C:\Users\Armstromg\Anaconda3\envs\scrapy\lib\site-packages\scrapy\middleware.py", line 34, in from_settings
    mwcls = load_object(clspath)
  File "C:\Users\Armstromg\Anaconda3\envs\scrapy\lib\site-packages\scrapy\utils\misc.py", line 44, in load_object
    mod = import_module(module)
  File "C:\Users\Armstromg\Anaconda3\envs\scrapy\lib\importlib\__init__.py", line 126, in import_module
    return _bootstrap._gcd_import(name[level:], package, level)
  File "<frozen importlib._bootstrap>", line 994, in _gcd_import
  File "<frozen importlib._bootstrap>", line 971, in _find_and_load
  File "<frozen importlib._bootstrap>", line 955, in _find_and_load_unlocked
  File "<frozen importlib._bootstrap>", line 665, in _load_unlocked
  File "<frozen importlib._bootstrap_external>", line 678, in exec_module
  File "<frozen importlib._bootstrap>", line 219, in _call_with_frames_removed
  File "D:\lilanqing\Project\python\python-project\maizixueyuan\scrapy\cbdio-scrapy\cbdio\pipelines.py", line 7, in <module>
    import pymysql
ModuleNotFoundError: No module named 'pymysql'
